#
# A fatal error has been detected by the Java Runtime Environment:
#
#  SIGSEGV (0xb) at pc=0x00000001095a4815, pid=451, tid=0x0000000000002503
#
# JRE version: OpenJDK Runtime Environment (8.0_76-b03) (build 1.8.0_76-release-b03)
# Java VM: OpenJDK 64-Bit Server VM (25.76-b03 mixed mode bsd-amd64 compressed oops)
# Problematic frame:
# V  [libjvm.dylib+0x1a4815]  oopDesc::size()+0x2d
#
# Failed to write core dump. Core dumps have been disabled. To enable core dumping, try "ulimit -c unlimited" before starting Java again
#
# If you would like to submit a bug report, please visit:
#   http://bugreport.java.com/bugreport/crash.jsp
#

---------------  T H R E A D  ---------------

Current thread (0x00007f9f0a013800):  GCTaskThread [stack: 0x00000001197ac000,0x00000001198ac000] [id=9475]

siginfo: si_signo: 11 (SIGSEGV), si_code: 1 (SEGV_MAPERR), si_addr: 0x0000000000000008

Registers:
RAX=0x0000000109bdbc20, RBX=0x0000000000000000, RCX=0x0000000000000003, RDX=0x0000000000000001
RSP=0x00000001198abbd0, RBP=0x00000001198abbd0, RSI=0x00000007b8387c10, RDI=0x0000000000000000
R8 =0x0000000109c83050, R9 =0x00000007be858000, R10=0x00000007be860000, R11=0x00000000064d6da8
R12=0x0000000109c7d976, R13=0x00000007be85e5b1, R14=0x00007f9f0985ba00, R15=0x00007f9f0985ba98
RIP=0x00000001095a4815, EFLAGS=0x0000000000010246, ERR=0x0000000000000004
  TRAPNO=0x000000000000000e

Top of Stack: (sp=0x00000001198abbd0)
0x00000001198abbd0:   00000001198abc40 00000001098922b1
0x00000001198abbe0:   00007f9f09515d68 00000007b8387c10
0x00000001198abbf0:   00000007be858000 0000000000001000
0x00000001198abc00:   00000001198abc90 0000000000000000
0x00000001198abc10:   000000000000001d 00000007be85e5b1
0x00000001198abc20:   0000000109c7d976 00000007be85e5b1
0x00000001198abc30:   00000007be85e5b0 00007f9f0985ba98
0x00000001198abc40:   00000001198abc60 00000001098927c7
0x00000001198abc50:   00007f9f0985ba00 00007f9f0985ba60
0x00000001198abc60:   00000001198abcc0 00000001098917e5
0x00000001198abc70:   00000007614c91d4 00000007c0001868
0x00000001198abc80:   00000007be85e5b1 00000007c0001868
0x00000001198abc90:   00007f9f0985ba00 00000007614c9218
0x00000001198abca0:   00000001192b4649 00000007614c9200
0x00000001198abcb0:   00000001192b4681 0000000000000240
0x00000001198abcc0:   00000001198abd80 0000000109555614
0x00000001198abcd0:   00000001198abd60 0000000000000400
0x00000001198abce0:   fffffffee6d40ca6 0000000000000200
0x00000001198abcf0:   00000001192bf358 00000001157aa200
0x00000001198abd00:   00000001192bf359 0000000003b0a400
0x00000001198abd10:   fffffffee6d4b97f 0000000003b15359
0x00000001198abd20:   00000001192b4680 00000001192b4601
0x00000001198abd30:   0000000762a6b0c0 00000007614d00a0
0x00000001198abd40:   00007f9f09511f40 00007f9f0985ba00
0x00000001198abd50:   00007f9f09511cc0 00007f9f09408090
0x00000001198abd60:   0000000000000000 00000001099d360a
0x00000001198abd70:   00007f9f0985ba00 0000000000000001
0x00000001198abd80:   00000001198abdb0 00000001098952b3
0x00000001198abd90:   0000000000000008 00007f9f09514ea0
0x00000001198abda0:   00007f9f0a013800 00007f9f09408090
0x00000001198abdb0:   00000001198abe90 000000010966c933
0x00000001198abdc0:   00000001198abdf0 00007f9f09515180 

Instructions: (pc=0x00000001095a4815)
0x00000001095a47f5:   84 d2 48 89 fe 74 15 48 8d 05 1d 74 63 00 8a 48
0x00000001095a4805:   08 8b 7e 08 48 d3 e7 48 03 38 eb 04 48 8b 7e 08
0x00000001095a4815:   8b 47 08 85 c0 7e 09 a8 01 75 4e c1 f8 03 eb 47
0x00000001095a4825:   85 c0 7f 43 85 c0 79 41 84 d2 0f 94 c1 0f b6 c9 

Register to memory mapping:

RAX=0x0000000109bdbc20: _ZN8Universe13_narrow_klassE+0 in /Applications/Android Studio.app/Contents/jre/jdk/Contents/Home/jre/lib/server/libjvm.dylib at 0x0000000109400000
RBX=0x0000000000000000 is an unknown value
RCX=0x0000000000000003 is an unknown value
RDX=0x0000000000000001 is an unknown value
RSP=0x00000001198abbd0 is an unknown value
RBP=0x00000001198abbd0 is an unknown value
RSI=0x00000007b8387c10 is an unknown value
RDI=0x0000000000000000 is an unknown value
R8 =0x0000000109c83050: _ZN10PSScavenge26_young_generation_boundaryE+0 in /Applications/Android Studio.app/Contents/jre/jdk/Contents/Home/jre/lib/server/libjvm.dylib at 0x0000000109400000
R9 =0x00000007be858000 is an oop
org.codehaus.groovy.util.ManagedReference 
 - klass: 'org/codehaus/groovy/util/ManagedReference'
R10=0x00000007be860000 is an oop
java.lang.String 
 - klass: 'java/lang/String'
R11=0x00000000064d6da8 is an unknown value
R12=0x0000000109c7d976: AssumeMP+0 in /Applications/Android Studio.app/Contents/jre/jdk/Contents/Home/jre/lib/server/libjvm.dylib at 0x0000000109400000
R13=0x00000007be85e5b1 is an unknown value
R14=0x00007f9f0985ba00 is an unknown value
R15=0x00007f9f0985ba98 is an unknown value


Stack: [0x00000001197ac000,0x00000001198ac000],  sp=0x00000001198abbd0,  free space=1022k
Native frames: (J=compiled Java code, j=interpreted, Vv=VM code, C=native code)
V  [libjvm.dylib+0x1a4815]  oopDesc::size()+0x2d
V  [libjvm.dylib+0x4922b1]  oopDesc* PSPromotionManager::copy_to_survivor_space<false>(oopDesc*)+0x35
V  [libjvm.dylib+0x4927c7]  PSPromotionManager::process_popped_location_depth(StarTask)+0x73
V  [libjvm.dylib+0x4917e5]  PSPromotionManager::drain_stacks_depth(bool)+0x117
V  [libjvm.dylib+0x155614]  CardTableExtension::scavenge_contents_parallel(ObjectStartArray*, MutableSpace*, HeapWord*, PSPromotionManager*, unsigned int, unsigned int)+0x380
V  [libjvm.dylib+0x4952b3]  OldToYoungRootsTask::do_it(GCTaskManager*, unsigned int)+0x4b
V  [libjvm.dylib+0x26c933]  GCTaskThread::run()+0x1a1
V  [libjvm.dylib+0x4565ca]  java_start(Thread*)+0xf6
C  [libsystem_pthread.dylib+0x1899]  _pthread_body+0x8a
C  [libsystem_pthread.dylib+0x172a]  _pthread_struct_init+0x0
C  [libsystem_pthread.dylib+0x5fc9]  thread_start+0xd


---------------  P R O C E S S  ---------------

Java Threads: ( => current thread )
  0x00007f9f0d0d1800 JavaThread "Stdin handler" [_thread_blocked, id=25355, stack(0x0000000121636000,0x0000000121736000)]
  0x00007f9f0d9f3000 JavaThread "Asynchronous log dispatcher for org.gradle.launcher.daemon.server.DefaultDaemonConnection@dbcff31" [_thread_blocked, id=59403, stack(0x0000000121533000,0x0000000121633000)]
  0x00007f9f0c80a000 JavaThread "Daemon worker Thread 3" [_thread_blocked, id=25867, stack(0x0000000121430000,0x0000000121530000)]
  0x00007f9f0a699800 JavaThread "Cancel handler" [_thread_blocked, id=15119, stack(0x000000012132d000,0x000000012142d000)]
  0x00007f9f0d8f5000 JavaThread "Handler for socket connection from /127.0.0.1:49677 to /127.0.0.1:52065" [_thread_in_native, id=24843, stack(0x000000012122a000,0x000000012132a000)]
  0x00007f9f0b5da800 JavaThread "Daemon Thread 3" [_thread_blocked, id=24331, stack(0x0000000121127000,0x0000000121227000)]
  0x00007f9f11a94000 JavaThread "pool-12-thread-2" [_thread_blocked, id=33807, stack(0x000000012243f000,0x000000012253f000)]
  0x00007f9f0c89a000 JavaThread "pool-12-thread-1" [_thread_blocked, id=29707, stack(0x0000000124f4d000,0x000000012504d000)]
  0x00007f9f0a71a000 JavaThread "File lock request listener" [_thread_in_native, id=27907, stack(0x0000000122548000,0x0000000122648000)]
  0x00007f9f0a464000 JavaThread "pool-1-thread-1" [_thread_blocked, id=23811, stack(0x0000000121024000,0x0000000121124000)]
  0x00007f9f0a939800 JavaThread "Incoming local TCP Connector on port 49677" [_thread_in_native, id=23299, stack(0x0000000120d21000,0x0000000120e21000)]
  0x00007f9f0a015800 JavaThread "Service Thread" daemon [_thread_blocked, id=22275, stack(0x0000000120369000,0x0000000120469000)]
  0x00007f9f0a000000 JavaThread "C1 CompilerThread3" daemon [_thread_blocked, id=21763, stack(0x0000000120266000,0x0000000120366000)]
  0x00007f9f09886000 JavaThread "C2 CompilerThread2" daemon [_thread_blocked, id=21251, stack(0x0000000120163000,0x0000000120263000)]
  0x00007f9f0b008000 JavaThread "C2 CompilerThread1" daemon [_thread_blocked, id=20739, stack(0x0000000120060000,0x0000000120160000)]
  0x00007f9f0a804000 JavaThread "C2 CompilerThread0" daemon [_thread_blocked, id=20227, stack(0x000000011ff5d000,0x000000012005d000)]
  0x00007f9f0b007000 JavaThread "Signal Dispatcher" daemon [_thread_blocked, id=19715, stack(0x000000011fe5a000,0x000000011ff5a000)]
  0x00007f9f0b005000 JavaThread "Finalizer" daemon [_thread_blocked, id=14595, stack(0x000000011fc0b000,0x000000011fd0b000)]
  0x00007f9f09861800 JavaThread "Reference Handler" daemon [_thread_blocked, id=14083, stack(0x000000011fb08000,0x000000011fc08000)]
  0x00007f9f0a006800 JavaThread "main" [_thread_blocked, id=6403, stack(0x000000010827f000,0x000000010837f000)]

Other Threads:
  0x00007f9f0985d000 VMThread [stack: 0x000000011fa05000,0x000000011fb05000] [id=13571]
  0x00007f9f09887000 WatcherThread [stack: 0x000000012046c000,0x000000012056c000] [id=22787]

=>0x00007f9f0a013800 (exited) GCTaskThread [stack: 0x00000001197ac000,0x00000001198ac000] [id=9475]

VM state:at safepoint (normal execution)

VM Mutex/Monitor currently owned by a thread:  ([mutex/lock_event])
[0x00007f9f09402b30] Threads_lock - owner thread: 0x00007f9f0985d000
[0x00007f9f09403030] Heap_lock - owner thread: 0x00007f9f0c80a000

Heap:
 PSYoungGen      total 419328K, used 416940K [0x00000007a0000000, 0x00000007c0000000, 0x00000007c0000000)
  eden space 396800K, 100% used [0x00000007a0000000,0x00000007b8380000,0x00000007b8380000)
  from space 22528K, 89% used [0x00000007b8380000,0x00000007b972b278,0x00000007b9980000)
  to   space 24576K, 21% used [0x00000007be800000,0x00000007bed30010,0x00000007c0000000)
 ParOldGen       total 1048576K, used 1000301K [0x0000000760000000, 0x00000007a0000000, 0x00000007a0000000)
  object space 1048576K, 95% used [0x0000000760000000,0x000000079d0db698,0x00000007a0000000)
 Metaspace       used 64898K, capacity 66840K, committed 67072K, reserved 1107968K
  class space    used 8288K, capacity 8667K, committed 8704K, reserved 1048576K

Card table byte_map: [0x00000001192aa000,0x00000001195ab000] byte_map_base: 0x00000001157aa000

Marking Bits: (ParMarkBitMap*) 0x0000000109c82cd0
 Begin Bits: [0x0000000119fc3000, 0x000000011b7c3000)
 End Bits:   [0x000000011b7c3000, 0x000000011cfc3000)

Polling page: 0x00000001083c3000

CodeCache: size=245760Kb used=35519Kb max_used=35534Kb free=210240Kb
 bounds [0x0000000109eea000, 0x000000010c1da000, 0x0000000118eea000]
 total_blobs=11579 nmethods=10828 adapters=663
 compilation: enabled

Compilation events (10 events):
Event: 1148.162 Thread 0x00007f9f0a000000 nmethod 12991 0x000000010c1c6ad0 code [0x000000010c1c6ca0, 0x000000010c1c7468]
Event: 1148.162 Thread 0x00007f9f0a000000 12992       3       org.gradle.api.internal.file.BufferedStreamingHasher$1::<init> (10 bytes)
Event: 1148.162 Thread 0x00007f9f0a000000 nmethod 12992 0x000000010c1c6650 code [0x000000010c1c67c0, 0x000000010c1c69f0]
Event: 1148.162 Thread 0x00007f9f0a000000 12993   !   3       org.gradle.api.internal.changedetection.rules.AbstractFileSnapshotTaskStateChanges::createSnapshotPreCheck (48 bytes)
Event: 1148.164 Thread 0x00007f9f0a000000 nmethod 12993 0x000000010c1c4610 code [0x000000010c1c48a0, 0x000000010c1c5b58]
Event: 1148.166 Thread 0x00007f9f0a000000 12994       3       java.util.concurrent.atomic.AtomicInteger::getAndAdd (12 bytes)
Event: 1148.166 Thread 0x00007f9f0a000000 nmethod 12994 0x000000010c1c4310 code [0x000000010c1c4460, 0x000000010c1c45b0]
Event: 1148.167 Thread 0x00007f9f0a000000 12995       1       java.util.concurrent.atomic.AtomicReferenceArray::getRaw (12 bytes)
Event: 1148.168 Thread 0x00007f9f0a000000 nmethod 12995 0x000000010c1c4050 code [0x000000010c1c41a0, 0x000000010c1c42b0]
Event: 1148.168 Thread 0x00007f9f0a804000 nmethod 12958 0x000000010c1cb390 code [0x000000010c1cb5a0, 0x000000010c1cc440]

GC Heap History (10 events):
Event: 441.952 GC heap after
Heap after GC invocations=20 (full 4):
 PSYoungGen      total 309760K, used 0K [0x00000007a0000000, 0x00000007b4500000, 0x00000007c0000000)
  eden space 287232K, 0% used [0x00000007a0000000,0x00000007a0000000,0x00000007b1880000)
  from space 22528K, 0% used [0x00000007b2e80000,0x00000007b2e80000,0x00000007b4480000)
  to   space 22528K, 0% used [0x00000007b1880000,0x00000007b1880000,0x00000007b2e80000)
 ParOldGen       total 384000K, used 140580K [0x0000000760000000, 0x0000000777700000, 0x00000007a0000000)
  object space 384000K, 36% used [0x0000000760000000,0x0000000768949008,0x0000000777700000)
 Metaspace       used 52287K, capacity 53812K, committed 53888K, reserved 1095680K
  class space    used 6950K, capacity 7296K, committed 7296K, reserved 1048576K
}
Event: 445.996 GC heap before
{Heap before GC invocations=21 (full 4):
 PSYoungGen      total 309760K, used 270914K [0x00000007a0000000, 0x00000007b4500000, 0x00000007c0000000)
  eden space 287232K, 94% used [0x00000007a0000000,0x00000007b0890858,0x00000007b1880000)
  from space 22528K, 0% used [0x00000007b2e80000,0x00000007b2e80000,0x00000007b4480000)
  to   space 22528K, 0% used [0x00000007b1880000,0x00000007b1880000,0x00000007b2e80000)
 ParOldGen       total 384000K, used 140580K [0x0000000760000000, 0x0000000777700000, 0x00000007a0000000)
  object space 384000K, 36% used [0x0000000760000000,0x0000000768949008,0x0000000777700000)
 Metaspace       used 54519K, capacity 55978K, committed 56192K, reserved 1097728K
  class space    used 7223K, capacity 7525K, committed 7552K, reserved 1048576K
Event: 446.009 GC heap after
Heap after GC invocations=21 (full 4):
 PSYoungGen      total 309760K, used 2288K [0x00000007a0000000, 0x00000007bb200000, 0x00000007c0000000)
  eden space 287232K, 0% used [0x00000007a0000000,0x00000007a0000000,0x00000007b1880000)
  from space 22528K, 10% used [0x00000007b1880000,0x00000007b1abc3c8,0x00000007b2e80000)
  to   space 23040K, 0% used [0x00000007b9b80000,0x00000007b9b80000,0x00000007bb200000)
 ParOldGen       total 384000K, used 206124K [0x0000000760000000, 0x0000000777700000, 0x00000007a0000000)
  object space 384000K, 53% used [0x0000000760000000,0x000000076c94b018,0x0000000777700000)
 Metaspace       used 54519K, capacity 55978K, committed 56192K, reserved 1097728K
  class space    used 7223K, capacity 7525K, committed 7552K, reserved 1048576K
}
Event: 446.009 GC heap before
{Heap before GC invocations=22 (full 5):
 PSYoungGen      total 309760K, used 2288K [0x00000007a0000000, 0x00000007bb200000, 0x00000007c0000000)
  eden space 287232K, 0% used [0x00000007a0000000,0x00000007a0000000,0x00000007b1880000)
  from space 22528K, 10% used [0x00000007b1880000,0x00000007b1abc3c8,0x00000007b2e80000)
  to   space 23040K, 0% used [0x00000007b9b80000,0x00000007b9b80000,0x00000007bb200000)
 ParOldGen       total 384000K, used 206124K [0x0000000760000000, 0x0000000777700000, 0x00000007a0000000)
  object space 384000K, 53% used [0x0000000760000000,0x000000076c94b018,0x0000000777700000)
 Metaspace       used 54519K, capacity 55978K, committed 56192K, reserved 1097728K
  class space    used 7223K, capacity 7525K, committed 7552K, reserved 1048576K
Event: 446.218 GC heap after
Heap after GC invocations=22 (full 5):
 PSYoungGen      total 309760K, used 0K [0x00000007a0000000, 0x00000007bb200000, 0x00000007c0000000)
  eden space 287232K, 0% used [0x00000007a0000000,0x00000007a0000000,0x00000007b1880000)
  from space 22528K, 0% used [0x00000007b1880000,0x00000007b1880000,0x00000007b2e80000)
  to   space 23040K, 0% used [0x00000007b9b80000,0x00000007b9b80000,0x00000007bb200000)
 ParOldGen       total 384000K, used 28676K [0x0000000760000000, 0x0000000777700000, 0x00000007a0000000)
  object space 384000K, 7% used [0x0000000760000000,0x0000000761c01018,0x0000000777700000)
 Metaspace       used 54519K, capacity 55978K, committed 56192K, reserved 1097728K
  class space    used 7223K, capacity 7525K, committed 7552K, reserved 1048576K
}
Event: 558.264 GC heap before
{Heap before GC invocations=23 (full 5):
 PSYoungGen      total 309760K, used 287232K [0x00000007a0000000, 0x00000007bb200000, 0x00000007c0000000)
  eden space 287232K, 100% used [0x00000007a0000000,0x00000007b1880000,0x00000007b1880000)
  from space 22528K, 0% used [0x00000007b1880000,0x00000007b1880000,0x00000007b2e80000)
  to   space 23040K, 0% used [0x00000007b9b80000,0x00000007b9b80000,0x00000007bb200000)
 ParOldGen       total 384000K, used 28676K [0x0000000760000000, 0x0000000777700000, 0x00000007a0000000)
  object space 384000K, 7% used [0x0000000760000000,0x0000000761c01088,0x0000000777700000)
 Metaspace       used 61690K, capacity 63522K, committed 63872K, reserved 1103872K
  class space    used 8065K, capacity 8452K, committed 8576K, reserved 1048576K
Event: 558.276 GC heap after
Heap after GC invocations=23 (full 5):
 PSYoungGen      total 417280K, used 11970K [0x00000007a0000000, 0x00000007baf80000, 0x00000007c0000000)
  eden space 396800K, 0% used [0x00000007a0000000,0x00000007a0000000,0x00000007b8380000)
  from space 20480K, 58% used [0x00000007b9b80000,0x00000007ba730ae8,0x00000007baf80000)
  to   space 22528K, 0% used [0x00000007b8380000,0x00000007b8380000,0x00000007b9980000)
 ParOldGen       total 384000K, used 28684K [0x0000000760000000, 0x0000000777700000, 0x00000007a0000000)
  object space 384000K, 7% used [0x0000000760000000,0x0000000761c03088,0x0000000777700000)
 Metaspace       used 61690K, capacity 63522K, committed 63872K, reserved 1103872K
  class space    used 8065K, capacity 8452K, committed 8576K, reserved 1048576K
}
Event: 561.249 GC heap before
{Heap before GC invocations=24 (full 5):
 PSYoungGen      total 417280K, used 408770K [0x00000007a0000000, 0x00000007baf80000, 0x00000007c0000000)
  eden space 396800K, 100% used [0x00000007a0000000,0x00000007b8380000,0x00000007b8380000)
  from space 20480K, 58% used [0x00000007b9b80000,0x00000007ba730ae8,0x00000007baf80000)
  to   space 22528K, 0% used [0x00000007b8380000,0x00000007b8380000,0x00000007b9980000)
 ParOldGen       total 384000K, used 42916K [0x0000000760000000, 0x0000000777700000, 0x00000007a0000000)
  object space 384000K, 11% used [0x0000000760000000,0x00000007629e9090,0x0000000777700000)
 Metaspace       used 64453K, capacity 66280K, committed 66560K, reserved 1107968K
  class space    used 8273K, capacity 8645K, committed 8704K, reserved 1048576K
Event: 561.266 GC heap after
Heap after GC invocations=24 (full 5):
 PSYoungGen      total 419328K, used 20140K [0x00000007a0000000, 0x00000007c0000000, 0x00000007c0000000)
  eden space 396800K, 0% used [0x00000007a0000000,0x00000007a0000000,0x00000007b8380000)
  from space 22528K, 89% used [0x00000007b8380000,0x00000007b972b278,0x00000007b9980000)
  to   space 24576K, 0% used [0x00000007be800000,0x00000007be800000,0x00000007c0000000)
 ParOldGen       total 384000K, used 43436K [0x0000000760000000, 0x0000000777700000, 0x00000007a0000000)
  object space 384000K, 11% used [0x0000000760000000,0x0000000762a6b0c0,0x0000000777700000)
 Metaspace       used 64453K, capacity 66280K, committed 66560K, reserved 1107968K
  class space    used 8273K, capacity 8645K, committed 8704K, reserved 1048576K
}
Event: 1148.171 GC heap before
{Heap before GC invocations=25 (full 5):
 PSYoungGen      total 419328K, used 416940K [0x00000007a0000000, 0x00000007c0000000, 0x00000007c0000000)
  eden space 396800K, 100% used [0x00000007a0000000,0x00000007b8380000,0x00000007b8380000)
  from space 22528K, 89% used [0x00000007b8380000,0x00000007b972b278,0x00000007b9980000)
  to   space 24576K, 0% used [0x00000007be800000,0x00000007be800000,0x00000007c0000000)
 ParOldGen       total 384000K, used 43436K [0x0000000760000000, 0x0000000777700000, 0x00000007a0000000)
  object space 384000K, 11% used [0x0000000760000000,0x0000000762a6b0c0,0x0000000777700000)
 Metaspace       used 64898K, capacity 66840K, committed 67072K, reserved 1107968K
  class space    used 8288K, capacity 8667K, committed 8704K, reserved 1048576K

Deoptimization events (10 events):
Event: 1147.566 Thread 0x00007f9f0c80a000 Uncommon trap: reason=predicate action=maybe_recompile pc=0x000000010bf1c444 method=java.util.ComparableTimSort.binarySort([Ljava/lang/Object;III)V @ 37
Event: 1147.969 Thread 0x00007f9f0c80a000 Uncommon trap: reason=bimorphic action=maybe_recompile pc=0x000000010b79b438 method=com.google.common.cache.LocalCache$Segment.getEntry(Ljava/lang/Object;I)Lcom/google/common/cache/LocalCache$ReferenceEntry; @ 62
Event: 1147.969 Thread 0x00007f9f0c80a000 Uncommon trap: reason=bimorphic action=maybe_recompile pc=0x000000010b79b438 method=com.google.common.cache.LocalCache$Segment.getEntry(Ljava/lang/Object;I)Lcom/google/common/cache/LocalCache$ReferenceEntry; @ 62
Event: 1147.969 Thread 0x00007f9f0c80a000 Uncommon trap: reason=bimorphic action=maybe_recompile pc=0x000000010b79b438 method=com.google.common.cache.LocalCache$Segment.getEntry(Ljava/lang/Object;I)Lcom/google/common/cache/LocalCache$ReferenceEntry; @ 62
Event: 1147.983 Thread 0x00007f9f0c80a000 Uncommon trap: reason=bimorphic action=maybe_recompile pc=0x000000010b79b438 method=com.google.common.cache.LocalCache$Segment.getEntry(Ljava/lang/Object;I)Lcom/google/common/cache/LocalCache$ReferenceEntry; @ 62
Event: 1148.034 Thread 0x00007f9f0c80a000 Uncommon trap: reason=unstable_if action=reinterpret pc=0x000000010b985f04 method=com.google.common.cache.LocalCache$Segment.drainReferenceQueues()V @ 7
Event: 1148.157 Thread 0x00007f9f0c80a000 Uncommon trap: reason=speculate_class_check action=maybe_recompile pc=0x000000010b8338d0 method=com.sun.org.apache.xerces.internal.dom.AttrImpl.getNodeName()Ljava/lang/String; @ 8
Event: 1148.157 Thread 0x00007f9f0c80a000 Uncommon trap: reason=speculate_class_check action=maybe_recompile pc=0x000000010b8338d0 method=com.sun.org.apache.xerces.internal.dom.AttrImpl.getNodeName()Ljava/lang/String; @ 8
Event: 1148.157 Thread 0x00007f9f0c80a000 Uncommon trap: reason=speculate_class_check action=maybe_recompile pc=0x000000010b8338d0 method=com.sun.org.apache.xerces.internal.dom.AttrImpl.getNodeName()Ljava/lang/String; @ 8
Event: 1148.157 Thread 0x00007f9f0c80a000 Uncommon trap: reason=speculate_class_check action=maybe_recompile pc=0x000000010b8338d0 method=com.sun.org.apache.xerces.internal.dom.AttrImpl.getNodeName()Ljava/lang/String; @ 8

Internal exceptions (10 events):
Event: 446.225 Thread 0x00007f9f0b39d800 Exception <a 'java/lang/NoSuchMethodError': <clinit>> (0x00000007a0590740) thrown at [/Volumes/Android_AOSP/AOSP-openjdk/external/jetbrains/jdk/hotspot/src/share/vm/prims/jni.cpp, line 1591]
Event: 446.231 Thread 0x00007f9f0a87c000 Exception <a 'java/lang/NoSuchMethodError': <clinit>> (0x00000007a0aeb218) thrown at [/Volumes/Android_AOSP/AOSP-openjdk/external/jetbrains/jdk/hotspot/src/share/vm/prims/jni.cpp, line 1591]
Event: 550.146 Thread 0x00007f9f0c80a000 Exception <a 'java/lang/ClassNotFoundException': asLocalRepo1_2j482leqwsyoc32tj7f634umuBeanInfo> (0x00000007a18d8d08) thrown at [/Volumes/Android_AOSP/AOSP-openjdk/external/jetbrains/jdk/hotspot/src/share/vm/classfile/systemDictionary.cpp, line 210]
Event: 550.146 Thread 0x00007f9f0c80a000 Exception <a 'java/lang/ClassNotFoundException': asLocalRepo1_2j482leqwsyoc32tj7f634umuCustomizer> (0x00000007a18e5288) thrown at [/Volumes/Android_AOSP/AOSP-openjdk/external/jetbrains/jdk/hotspot/src/share/vm/classfile/systemDictionary.cpp, line 210]
Event: 550.619 Thread 0x00007f9f0c80a000 Exception <a 'java/lang/reflect/InvocationTargetException'> (0x00000007a67a3700) thrown at [/Volumes/Android_AOSP/AOSP-openjdk/external/jetbrains/jdk/hotspot/src/share/vm/runtime/reflection.cpp, line 1092]
Event: 550.672 Thread 0x00007f9f0c80a000 Implicit null exception at 0x000000010a98b2de to 0x000000010a98b53d
Event: 560.359 Thread 0x00007f9f11a94000 Implicit null exception at 0x000000010b5c3716 to 0x000000010b5c3bc1
Event: 560.359 Thread 0x00007f9f11a94000 Implicit null exception at 0x000000010b11b813 to 0x000000010b11ba06
Event: 1147.567 Thread 0x00007f9f0c80a000 Exception <a 'java/lang/ClassNotFoundException': asLocalRepo2_a1yjvfgjnyexuuvx2yg719dhgBeanInfo> (0x00000007b1f1df20) thrown at [/Volumes/Android_AOSP/AOSP-openjdk/external/jetbrains/jdk/hotspot/src/share/vm/classfile/systemDictionary.cpp, line 210]
Event: 1147.567 Thread 0x00007f9f0c80a000 Exception <a 'java/lang/ClassNotFoundException': asLocalRepo2_a1yjvfgjnyexuuvx2yg719dhgCustomizer> (0x00000007b1f2a100) thrown at [/Volumes/Android_AOSP/AOSP-openjdk/external/jetbrains/jdk/hotspot/src/share/vm/classfile/systemDictionary.cpp, line 210]

Events (10 events):
Event: 1148.157 Thread 0x00007f9f0c80a000 Uncommon trap: trap_request=0xffffff76 fr.pc=0x000000010b8338d0
Event: 1148.157 Thread 0x00007f9f0c80a000 DEOPT PACKING pc=0x000000010b8338d0 sp=0x000000012152c950
Event: 1148.157 Thread 0x00007f9f0c80a000 DEOPT UNPACKING pc=0x0000000109eeef69 sp=0x000000012152c8e8 mode 2
Event: 1148.157 Thread 0x00007f9f0c80a000 Uncommon trap: trap_request=0xffffff76 fr.pc=0x000000010b8338d0
Event: 1148.157 Thread 0x00007f9f0c80a000 DEOPT PACKING pc=0x000000010b8338d0 sp=0x000000012152c950
Event: 1148.157 Thread 0x00007f9f0c80a000 DEOPT UNPACKING pc=0x0000000109eeef69 sp=0x000000012152c8e8 mode 2
Event: 1148.157 Thread 0x00007f9f0c80a000 Uncommon trap: trap_request=0xffffff76 fr.pc=0x000000010b8338d0
Event: 1148.157 Thread 0x00007f9f0c80a000 DEOPT PACKING pc=0x000000010b8338d0 sp=0x000000012152c950
Event: 1148.157 Thread 0x00007f9f0c80a000 DEOPT UNPACKING pc=0x0000000109eeef69 sp=0x000000012152c8e8 mode 2
Event: 1148.171 Executing VM operation: ParallelGCFailedAllocation


Dynamic libraries:
0x000000000378f000 	/System/Library/Frameworks/Cocoa.framework/Versions/A/Cocoa
0x000000000378f000 	/System/Library/Frameworks/Security.framework/Versions/A/Security
0x000000000378f000 	/System/Library/Frameworks/ApplicationServices.framework/Versions/A/ApplicationServices
0x000000000378f000 	/usr/lib/libz.1.dylib
0x000000000378f000 	/usr/lib/libSystem.B.dylib
0x000000000378f000 	/System/Library/Frameworks/CoreFoundation.framework/Versions/A/CoreFoundation
0x000000000378f000 	/usr/lib/libobjc.A.dylib
0x000000000378f000 	/System/Library/Frameworks/Foundation.framework/Versions/C/Foundation
0x000000000378f000 	/System/Library/Frameworks/AppKit.framework/Versions/C/AppKit
0x000000000378f000 	/System/Library/Frameworks/CoreData.framework/Versions/A/CoreData
0x000000000378f000 	/System/Library/PrivateFrameworks/RemoteViewServices.framework/Versions/A/RemoteViewServices
0x000000000378f000 	/System/Library/Frameworks/AudioToolbox.framework/Versions/A/AudioToolbox
0x000000000378f000 	/System/Library/Frameworks/AudioUnit.framework/Versions/A/AudioUnit
0x000000000378f000 	/System/Library/PrivateFrameworks/DataDetectorsCore.framework/Versions/A/DataDetectorsCore
0x000000000378f000 	/System/Library/PrivateFrameworks/DesktopServicesPriv.framework/Versions/A/DesktopServicesPriv
0x000000000378f000 	/System/Library/Frameworks/Carbon.framework/Versions/A/Frameworks/HIToolbox.framework/Versions/A/HIToolbox
0x000000000378f000 	/System/Library/Frameworks/QuartzCore.framework/Versions/A/QuartzCore
0x000000000378f000 	/System/Library/Frameworks/Carbon.framework/Versions/A/Frameworks/SpeechRecognition.framework/Versions/A/SpeechRecognition
0x000000000378f000 	/usr/lib/libauto.dylib
0x000000000378f000 	/usr/lib/libicucore.A.dylib
0x000000000378f000 	/usr/lib/libxml2.2.dylib
0x000000000378f000 	/System/Library/PrivateFrameworks/CoreUI.framework/Versions/A/CoreUI
0x000000000378f000 	/System/Library/Frameworks/CoreAudio.framework/Versions/A/CoreAudio
0x000000000378f000 	/System/Library/Frameworks/DiskArbitration.framework/Versions/A/DiskArbitration
0x000000000378f000 	/usr/lib/liblangid.dylib
0x000000000378f000 	/System/Library/PrivateFrameworks/MultitouchSupport.framework/Versions/A/MultitouchSupport
0x000000000378f000 	/System/Library/Frameworks/IOKit.framework/Versions/A/IOKit
0x000000000378f000 	/usr/lib/libDiagnosticMessagesClient.dylib
0x000000000378f000 	/System/Library/Frameworks/CoreServices.framework/Versions/A/CoreServices
0x000000000378f000 	/System/Library/PrivateFrameworks/PerformanceAnalysis.framework/Versions/A/PerformanceAnalysis
0x000000000378f000 	/System/Library/PrivateFrameworks/GenerationalStorage.framework/Versions/A/GenerationalStorage
0x000000000378f000 	/System/Library/Frameworks/OpenGL.framework/Versions/A/OpenGL
0x000000000378f000 	/System/Library/PrivateFrameworks/Sharing.framework/Versions/A/Sharing
0x000000000378f000 	/System/Library/Frameworks/ImageIO.framework/Versions/A/ImageIO
0x000000000378f000 	/System/Library/Frameworks/CoreText.framework/Versions/A/CoreText
0x000000000378f000 	/System/Library/Frameworks/CoreGraphics.framework/Versions/A/CoreGraphics
0x000000000378f000 	/System/Library/PrivateFrameworks/Backup.framework/Versions/A/Backup
0x000000000378f000 	/System/Library/Frameworks/CFNetwork.framework/Versions/A/CFNetwork
0x000000000378f000 	/System/Library/Frameworks/SystemConfiguration.framework/Versions/A/SystemConfiguration
0x000000000378f000 	/usr/lib/libCRFSuite.dylib
0x000000000378f000 	/usr/lib/libc++.1.dylib
0x000000000378f000 	/usr/lib/libc++abi.dylib
0x000000000378f000 	/usr/lib/system/libcache.dylib
0x000000000378f000 	/usr/lib/system/libcommonCrypto.dylib
0x000000000378f000 	/usr/lib/system/libcompiler_rt.dylib
0x000000000378f000 	/usr/lib/system/libcopyfile.dylib
0x000000000378f000 	/usr/lib/system/libcorecrypto.dylib
0x000000000378f000 	/usr/lib/system/libdispatch.dylib
0x000000000378f000 	/usr/lib/system/libdyld.dylib
0x000000000378f000 	/usr/lib/system/libkeymgr.dylib
0x000000000378f000 	/usr/lib/system/liblaunch.dylib
0x000000000378f000 	/usr/lib/system/libmacho.dylib
0x000000000378f000 	/usr/lib/system/libquarantine.dylib
0x000000000378f000 	/usr/lib/system/libremovefile.dylib
0x000000000378f000 	/usr/lib/system/libsystem_asl.dylib
0x000000000378f000 	/usr/lib/system/libsystem_blocks.dylib
0x000000000378f000 	/usr/lib/system/libsystem_c.dylib
0x000000000378f000 	/usr/lib/system/libsystem_configuration.dylib
0x000000000378f000 	/usr/lib/system/libsystem_dnssd.dylib
0x000000000378f000 	/usr/lib/system/libsystem_info.dylib
0x000000000378f000 	/usr/lib/system/libsystem_kernel.dylib
0x000000000378f000 	/usr/lib/system/libsystem_m.dylib
0x000000000378f000 	/usr/lib/system/libsystem_malloc.dylib
0x000000000378f000 	/usr/lib/system/libsystem_network.dylib
0x000000000378f000 	/usr/lib/system/libsystem_notify.dylib
0x000000000378f000 	/usr/lib/system/libsystem_platform.dylib
0x000000000378f000 	/usr/lib/system/libsystem_pthread.dylib
0x000000000378f000 	/usr/lib/system/libsystem_sandbox.dylib
0x000000000378f000 	/usr/lib/system/libsystem_stats.dylib
0x000000000378f000 	/usr/lib/system/libunc.dylib
0x000000000378f000 	/usr/lib/system/libunwind.dylib
0x000000000378f000 	/usr/lib/system/libxpc.dylib
0x000000000378f000 	/usr/lib/libbsm.0.dylib
0x000000000378f000 	/usr/lib/libsqlite3.dylib
0x000000000378f000 	/usr/lib/libxar.1.dylib
0x000000000378f000 	/usr/lib/libpam.2.dylib
0x000000000378f000 	/usr/lib/libOpenScriptingUtil.dylib
0x000000000378f000 	/usr/lib/libbz2.1.0.dylib
0x000000000378f000 	/System/Library/Frameworks/CoreServices.framework/Versions/A/Frameworks/CarbonCore.framework/Versions/A/CarbonCore
0x000000000378f000 	/System/Library/Frameworks/CoreServices.framework/Versions/A/Frameworks/Metadata.framework/Versions/A/Metadata
0x000000000378f000 	/System/Library/Frameworks/CoreServices.framework/Versions/A/Frameworks/OSServices.framework/Versions/A/OSServices
0x000000000378f000 	/System/Library/Frameworks/CoreServices.framework/Versions/A/Frameworks/SearchKit.framework/Versions/A/SearchKit
0x000000000378f000 	/System/Library/Frameworks/CoreServices.framework/Versions/A/Frameworks/AE.framework/Versions/A/AE
0x000000000378f000 	/System/Library/Frameworks/CoreServices.framework/Versions/A/Frameworks/LaunchServices.framework/Versions/A/LaunchServices
0x000000000378f000 	/System/Library/Frameworks/CoreServices.framework/Versions/A/Frameworks/DictionaryServices.framework/Versions/A/DictionaryServices
0x000000000378f000 	/System/Library/Frameworks/NetFS.framework/Versions/A/NetFS
0x000000000378f000 	/usr/lib/system/libkxld.dylib
0x000000000378f000 	/System/Library/PrivateFrameworks/NetAuth.framework/Versions/A/NetAuth
0x000000000378f000 	/System/Library/PrivateFrameworks/TCC.framework/Versions/A/TCC
0x000000000378f000 	/System/Library/Frameworks/OpenDirectory.framework/Versions/A/Frameworks/CFOpenDirectory.framework/Versions/A/CFOpenDirectory
0x000000000378f000 	/System/Library/Frameworks/ServiceManagement.framework/Versions/A/ServiceManagement
0x000000000378f000 	/usr/lib/libxslt.1.dylib
0x000000000378f000 	/System/Library/Frameworks/Carbon.framework/Versions/A/Frameworks/Ink.framework/Versions/A/Ink
0x000000000378f000 	/System/Library/Frameworks/ApplicationServices.framework/Versions/A/Frameworks/ATS.framework/Versions/A/ATS
0x000000000378f000 	/System/Library/Frameworks/ApplicationServices.framework/Versions/A/Frameworks/ColorSync.framework/Versions/A/ColorSync
0x000000000378f000 	/System/Library/Frameworks/ApplicationServices.framework/Versions/A/Frameworks/HIServices.framework/Versions/A/HIServices
0x000000000378f000 	/System/Library/Frameworks/ApplicationServices.framework/Versions/A/Frameworks/LangAnalysis.framework/Versions/A/LangAnalysis
0x000000000378f000 	/System/Library/Frameworks/ApplicationServices.framework/Versions/A/Frameworks/PrintCore.framework/Versions/A/PrintCore
0x000000000378f000 	/System/Library/Frameworks/ApplicationServices.framework/Versions/A/Frameworks/QD.framework/Versions/A/QD
0x000000000378f000 	/System/Library/Frameworks/ApplicationServices.framework/Versions/A/Frameworks/SpeechSynthesis.framework/Versions/A/SpeechSynthesis
0x000000000378f000 	/System/Library/Frameworks/IOSurface.framework/Versions/A/IOSurface
0x000000000378f000 	/System/Library/Frameworks/Accelerate.framework/Versions/A/Accelerate
0x000000000378f000 	/System/Library/Frameworks/Accelerate.framework/Versions/A/Frameworks/vImage.framework/Versions/A/vImage
0x000000000378f000 	/System/Library/Frameworks/Accelerate.framework/Versions/A/Frameworks/vecLib.framework/Versions/A/vecLib
0x000000000378f000 	/System/Library/Frameworks/Accelerate.framework/Versions/A/Frameworks/vecLib.framework/Versions/A/libvDSP.dylib
0x000000000378f000 	/System/Library/Frameworks/Accelerate.framework/Versions/A/Frameworks/vecLib.framework/Versions/A/libvMisc.dylib
0x000000000378f000 	/System/Library/Frameworks/Accelerate.framework/Versions/A/Frameworks/vecLib.framework/Versions/A/libLAPACK.dylib
0x000000000378f000 	/System/Library/Frameworks/Accelerate.framework/Versions/A/Frameworks/vecLib.framework/Versions/A/libBLAS.dylib
0x000000000378f000 	/System/Library/Frameworks/ApplicationServices.framework/Versions/A/Frameworks/ATS.framework/Versions/A/Resources/libFontParser.dylib
0x000000000378f000 	/System/Library/Frameworks/ApplicationServices.framework/Versions/A/Frameworks/ATS.framework/Versions/A/Resources/libFontRegistry.dylib
0x000000000378f000 	/System/Library/Frameworks/ImageIO.framework/Versions/A/Resources/libJPEG.dylib
0x000000000378f000 	/System/Library/Frameworks/ImageIO.framework/Versions/A/Resources/libTIFF.dylib
0x000000000378f000 	/System/Library/Frameworks/ImageIO.framework/Versions/A/Resources/libPng.dylib
0x000000000378f000 	/System/Library/Frameworks/ImageIO.framework/Versions/A/Resources/libGIF.dylib
0x000000000378f000 	/System/Library/Frameworks/ImageIO.framework/Versions/A/Resources/libJP2.dylib
0x000000000378f000 	/System/Library/Frameworks/ImageIO.framework/Versions/A/Resources/libRadiance.dylib
0x000000000378f000 	/usr/lib/libcups.2.dylib
0x000000000378f000 	/System/Library/Frameworks/Kerberos.framework/Versions/A/Kerberos
0x000000000378f000 	/System/Library/Frameworks/GSS.framework/Versions/A/GSS
0x000000000378f000 	/usr/lib/libresolv.9.dylib
0x000000000378f000 	/usr/lib/libiconv.2.dylib
0x000000000378f000 	/System/Library/PrivateFrameworks/Heimdal.framework/Versions/A/Heimdal
0x000000000378f000 	/System/Library/PrivateFrameworks/TrustEvaluationAgent.framework/Versions/A/TrustEvaluationAgent
0x000000000378f000 	/usr/lib/libheimdal-asn1.dylib
0x000000000378f000 	/System/Library/Frameworks/OpenDirectory.framework/Versions/A/OpenDirectory
0x000000000378f000 	/System/Library/PrivateFrameworks/CommonAuth.framework/Versions/A/CommonAuth
0x000000000378f000 	/System/Library/Frameworks/SecurityFoundation.framework/Versions/A/SecurityFoundation
0x000000000378f000 	/System/Library/PrivateFrameworks/Bom.framework/Versions/A/Bom
0x000000000378f000 	/System/Library/Frameworks/CoreVideo.framework/Versions/A/CoreVideo
0x000000000378f000 	/System/Library/Frameworks/QuartzCore.framework/Versions/A/Frameworks/CoreImage.framework/Versions/A/CoreImage
0x000000000378f000 	/System/Library/Frameworks/QuartzCore.framework/Versions/A/Frameworks/ScalableUserInterface.framework/Versions/A/ScalableUserInterface
0x000000000378f000 	/System/Library/Frameworks/OpenGL.framework/Versions/A/Libraries/libGLU.dylib
0x000000000378f000 	/System/Library/Frameworks/OpenGL.framework/Versions/A/Libraries/libGFXShared.dylib
0x000000000378f000 	/System/Library/Frameworks/OpenGL.framework/Versions/A/Libraries/libGL.dylib
0x000000000378f000 	/System/Library/Frameworks/OpenGL.framework/Versions/A/Libraries/libGLImage.dylib
0x000000000378f000 	/System/Library/Frameworks/OpenGL.framework/Versions/A/Libraries/libCVMSPluginSupport.dylib
0x000000000378f000 	/System/Library/Frameworks/OpenGL.framework/Versions/A/Libraries/libCoreVMClient.dylib
0x000000000378f000 	/System/Library/PrivateFrameworks/FaceCore.framework/Versions/A/FaceCore
0x000000000378f000 	/System/Library/PrivateFrameworks/CrashReporterSupport.framework/Versions/A/CrashReporterSupport
0x000000000378f000 	/System/Library/Frameworks/OpenCL.framework/Versions/A/OpenCL
0x000000000378f000 	/System/Library/PrivateFrameworks/AppleFSCompression.framework/Versions/A/AppleFSCompression
0x000000000378f000 	/System/Library/PrivateFrameworks/Ubiquity.framework/Versions/A/Ubiquity
0x000000000378f000 	/System/Library/PrivateFrameworks/IconServices.framework/Versions/A/IconServices
0x000000000378f000 	/System/Library/PrivateFrameworks/ChunkingLibrary.framework/Versions/A/ChunkingLibrary
0x000000000378f000 	/System/Library/PrivateFrameworks/CoreSymbolication.framework/Versions/A/CoreSymbolication
0x000000000378f000 	/System/Library/PrivateFrameworks/Symbolication.framework/Versions/A/Symbolication
0x000000000378f000 	/System/Library/PrivateFrameworks/DebugSymbols.framework/Versions/A/DebugSymbols
0x0000000109400000 	/Applications/Android Studio.app/Contents/jre/jdk/Contents/Home/jre/lib/server/libjvm.dylib
0x000000000378f000 	/usr/lib/libstdc++.6.dylib
0x0000000108381000 	/Applications/Android Studio.app/Contents/jre/jdk/Contents/Home/jre/lib/libverify.dylib
0x000000010838e000 	/Applications/Android Studio.app/Contents/jre/jdk/Contents/Home/jre/lib/libjava.dylib
0x00000001083cd000 	/Applications/Android Studio.app/Contents/jre/jdk/Contents/Home/jre/lib/libzip.dylib
0x000000011fd0d000 	/System/Library/Frameworks/JavaVM.framework/Frameworks/JavaRuntimeSupport.framework/JavaRuntimeSupport
0x000000011fd25000 	/System/Library/Frameworks/JavaVM.framework/Versions/A/Frameworks/JavaNativeFoundation.framework/Versions/A/JavaNativeFoundation
0x000000011fd3a000 	/System/Library/Frameworks/JavaVM.framework/Versions/A/JavaVM
0x000000000378f000 	/System/Library/Frameworks/Carbon.framework/Versions/A/Carbon
0x000000011fd47000 	/System/Library/PrivateFrameworks/JavaLaunching.framework/Versions/A/JavaLaunching
0x000000000378f000 	/System/Library/Frameworks/Carbon.framework/Versions/A/Frameworks/CommonPanels.framework/Versions/A/CommonPanels
0x000000000378f000 	/System/Library/Frameworks/Carbon.framework/Versions/A/Frameworks/Help.framework/Versions/A/Help
0x000000000378f000 	/System/Library/Frameworks/Carbon.framework/Versions/A/Frameworks/ImageCapture.framework/Versions/A/ImageCapture
0x000000000378f000 	/System/Library/Frameworks/Carbon.framework/Versions/A/Frameworks/OpenScripting.framework/Versions/A/OpenScripting
0x000000000378f000 	/System/Library/Frameworks/Carbon.framework/Versions/A/Frameworks/Print.framework/Versions/A/Print
0x000000000378f000 	/System/Library/Frameworks/Carbon.framework/Versions/A/Frameworks/SecurityHI.framework/Versions/A/SecurityHI
0x000000012089e000 	/Applications/Android Studio.app/Contents/jre/jdk/Contents/Home/jre/lib/libnet.dylib
0x00000001208fd000 	/Applications/Android Studio.app/Contents/jre/jdk/Contents/Home/jre/lib/libnio.dylib
0x000000012090d000 	/Users/jane/.gradle/native/19/osx-amd64/libnative-platform.dylib
0x0000000120d16000 	/Applications/Android Studio.app/Contents/jre/jdk/Contents/Home/jre/lib/libmanagement.dylib

VM Arguments:
jvm_args: -Xmx1536m -Dfile.encoding=UTF-8 -Duser.country=US -Duser.language=en -Duser.variant 
java_command: org.gradle.launcher.daemon.bootstrap.GradleDaemon 2.14.1
java_class_path (initial): /Applications/Android Studio.app/Contents/gradle/gradle-2.14.1/lib/gradle-launcher-2.14.1.jar
Launcher Type: SUN_STANDARD

Environment Variables:
PATH=/usr/bin:/bin:/usr/sbin:/sbin
SHELL=/bin/bash

Signal Handlers:
SIGSEGV: [libjvm.dylib+0x57697d], sa_mask[0]=11111111011111110111111111111111, sa_flags=SA_ONSTACK|SA_RESTART|SA_SIGINFO
SIGBUS: [libjvm.dylib+0x57697d], sa_mask[0]=11111111011111110111111111111111, sa_flags=SA_RESTART|SA_SIGINFO
SIGFPE: [libjvm.dylib+0x453bdc], sa_mask[0]=11111111011111110111111111111111, sa_flags=SA_RESTART|SA_SIGINFO
SIGPIPE: [libjvm.dylib+0x453bdc], sa_mask[0]=11111111011111110111111111111111, sa_flags=SA_RESTART|SA_SIGINFO
SIGXFSZ: [libjvm.dylib+0x453bdc], sa_mask[0]=11111111011111110111111111111111, sa_flags=SA_RESTART|SA_SIGINFO
SIGILL: [libjvm.dylib+0x453bdc], sa_mask[0]=11111111011111110111111111111111, sa_flags=SA_RESTART|SA_SIGINFO
SIGUSR1: SIG_DFL, sa_mask[0]=00000000000000000000000000000000, sa_flags=SA_RESTART
SIGUSR2: [libjvm.dylib+0x4536fa], sa_mask[0]=00100000000000000000000000000000, sa_flags=SA_RESTART|SA_SIGINFO
SIGHUP: [libjvm.dylib+0x451cd1], sa_mask[0]=11111111011111110111111111111111, sa_flags=SA_RESTART|SA_SIGINFO
SIGINT: [libjvm.dylib+0x451cd1], sa_mask[0]=11111111011111110111111111111111, sa_flags=SA_RESTART|SA_SIGINFO
SIGTERM: [libjvm.dylib+0x451cd1], sa_mask[0]=11111111011111110111111111111111, sa_flags=SA_RESTART|SA_SIGINFO
SIGQUIT: [libjvm.dylib+0x451cd1], sa_mask[0]=11111111011111110111111111111111, sa_flags=SA_RESTART|SA_SIGINFO


---------------  S Y S T E M  ---------------

OS:Bsduname:Darwin 13.4.0 Darwin Kernel Version 13.4.0: Mon Jan 11 18:17:34 PST 2016; root:xnu-2422.115.15~1/RELEASE_X86_64 x86_64
rlimit: STACK 8192k, CORE 0k, NPROC 709, NOFILE 10240, AS infinity
load average:1.42 1.61 1.61

CPU:total 8 (4 cores per cpu, 2 threads per core) family 6 model 58 stepping 9, cmov, cx8, fxsr, mmx, sse, sse2, sse3, ssse3, sse4.1, sse4.2, popcnt, avx, aes, clmul, erms, ht, tsc, tscinvbit, tscinv

Memory: 4k page, physical 16777216k(820984k free)

/proc/meminfo:


vm_info: OpenJDK 64-Bit Server VM (25.76-b03) for bsd-amd64 JRE (1.8.0_76-release-b03), built on Jun 29 2016 09:35:54 by "builder" with gcc 4.2.1 (Based on Apple Inc. build 5658) (LLVM build 2336.11.00)

time: Mon Oct 31 12:00:15 2016
elapsed time: 1148 seconds (0d 0h 19m 8s)

